Determining if the Q_WS_WIN exist failed with the following output:
Change Dir: /home/antonio/Programming/iAnt-ARGoS/build/CMakeFiles/CMakeTmp

Run Build Command:/usr/bin/make "cmTryCompileExec4019216944/fast"
/usr/bin/make -f CMakeFiles/cmTryCompileExec4019216944.dir/build.make CMakeFiles/cmTryCompileExec4019216944.dir/build
make[1]: Entering directory `/home/antonio/Programming/iAnt-ARGoS/build/CMakeFiles/CMakeTmp'
/usr/bin/cmake -E cmake_progress_report /home/antonio/Programming/iAnt-ARGoS/build/CMakeFiles/CMakeTmp/CMakeFiles 1
Building CXX object CMakeFiles/cmTryCompileExec4019216944.dir/CheckSymbolExists.cxx.o
/usr/bin/c++    -I/usr/include/qt4    -o CMakeFiles/cmTryCompileExec4019216944.dir/CheckSymbolExists.cxx.o -c /home/antonio/Programming/iAnt-ARGoS/build/CMakeFiles/CMakeTmp/CheckSymbolExists.cxx
/home/antonio/Programming/iAnt-ARGoS/build/CMakeFiles/CMakeTmp/CheckSymbolExists.cxx: In function ‘int main(int, char**)’:
/home/antonio/Programming/iAnt-ARGoS/build/CMakeFiles/CMakeTmp/CheckSymbolExists.cxx:8:19: error: ‘Q_WS_WIN’ was not declared in this scope
   return ((int*)(&Q_WS_WIN))[argc];
                   ^
make[1]: *** [CMakeFiles/cmTryCompileExec4019216944.dir/CheckSymbolExists.cxx.o] Error 1
make[1]: Leaving directory `/home/antonio/Programming/iAnt-ARGoS/build/CMakeFiles/CMakeTmp'
make: *** [cmTryCompileExec4019216944/fast] Error 2

File /home/antonio/Programming/iAnt-ARGoS/build/CMakeFiles/CMakeTmp/CheckSymbolExists.cxx:
/* */
#include <QtCore/qglobal.h>

int main(int argc, char** argv)
{
  (void)argv;
#ifndef Q_WS_WIN
  return ((int*)(&Q_WS_WIN))[argc];
#else
  (void)argc;
  return 0;
#endif
}

Determining if the Q_WS_QWS exist failed with the following output:
Change Dir: /home/antonio/Programming/iAnt-ARGoS/build/CMakeFiles/CMakeTmp

Run Build Command:/usr/bin/make "cmTryCompileExec2411224830/fast"
/usr/bin/make -f CMakeFiles/cmTryCompileExec2411224830.dir/build.make CMakeFiles/cmTryCompileExec2411224830.dir/build
make[1]: Entering directory `/home/antonio/Programming/iAnt-ARGoS/build/CMakeFiles/CMakeTmp'
/usr/bin/cmake -E cmake_progress_report /home/antonio/Programming/iAnt-ARGoS/build/CMakeFiles/CMakeTmp/CMakeFiles 1
Building CXX object CMakeFiles/cmTryCompileExec2411224830.dir/CheckSymbolExists.cxx.o
/usr/bin/c++    -I/usr/include/qt4    -o CMakeFiles/cmTryCompileExec2411224830.dir/CheckSymbolExists.cxx.o -c /home/antonio/Programming/iAnt-ARGoS/build/CMakeFiles/CMakeTmp/CheckSymbolExists.cxx
/home/antonio/Programming/iAnt-ARGoS/build/CMakeFiles/CMakeTmp/CheckSymbolExists.cxx: In function ‘int main(int, char**)’:
/home/antonio/Programming/iAnt-ARGoS/build/CMakeFiles/CMakeTmp/CheckSymbolExists.cxx:8:19: error: ‘Q_WS_QWS’ was not declared in this scope
   return ((int*)(&Q_WS_QWS))[argc];
                   ^
make[1]: *** [CMakeFiles/cmTryCompileExec2411224830.dir/CheckSymbolExists.cxx.o] Error 1
make[1]: Leaving directory `/home/antonio/Programming/iAnt-ARGoS/build/CMakeFiles/CMakeTmp'
make: *** [cmTryCompileExec2411224830/fast] Error 2

File /home/antonio/Programming/iAnt-ARGoS/build/CMakeFiles/CMakeTmp/CheckSymbolExists.cxx:
/* */
#include <QtCore/qglobal.h>

int main(int argc, char** argv)
{
  (void)argv;
#ifndef Q_WS_QWS
  return ((int*)(&Q_WS_QWS))[argc];
#else
  (void)argc;
  return 0;
#endif
}

Determining if the Q_WS_MAC exist failed with the following output:
Change Dir: /home/antonio/Programming/iAnt-ARGoS/build/CMakeFiles/CMakeTmp

Run Build Command:/usr/bin/make "cmTryCompileExec2139292789/fast"
/usr/bin/make -f CMakeFiles/cmTryCompileExec2139292789.dir/build.make CMakeFiles/cmTryCompileExec2139292789.dir/build
make[1]: Entering directory `/home/antonio/Programming/iAnt-ARGoS/build/CMakeFiles/CMakeTmp'
/usr/bin/cmake -E cmake_progress_report /home/antonio/Programming/iAnt-ARGoS/build/CMakeFiles/CMakeTmp/CMakeFiles 1
Building CXX object CMakeFiles/cmTryCompileExec2139292789.dir/CheckSymbolExists.cxx.o
/usr/bin/c++    -I/usr/include/qt4    -o CMakeFiles/cmTryCompileExec2139292789.dir/CheckSymbolExists.cxx.o -c /home/antonio/Programming/iAnt-ARGoS/build/CMakeFiles/CMakeTmp/CheckSymbolExists.cxx
/home/antonio/Programming/iAnt-ARGoS/build/CMakeFiles/CMakeTmp/CheckSymbolExists.cxx: In function ‘int main(int, char**)’:
/home/antonio/Programming/iAnt-ARGoS/build/CMakeFiles/CMakeTmp/CheckSymbolExists.cxx:8:19: error: ‘Q_WS_MAC’ was not declared in this scope
   return ((int*)(&Q_WS_MAC))[argc];
                   ^
make[1]: *** [CMakeFiles/cmTryCompileExec2139292789.dir/CheckSymbolExists.cxx.o] Error 1
make[1]: Leaving directory `/home/antonio/Programming/iAnt-ARGoS/build/CMakeFiles/CMakeTmp'
make: *** [cmTryCompileExec2139292789/fast] Error 2

File /home/antonio/Programming/iAnt-ARGoS/build/CMakeFiles/CMakeTmp/CheckSymbolExists.cxx:
/* */
#include <QtCore/qglobal.h>

int main(int argc, char** argv)
{
  (void)argv;
#ifndef Q_WS_MAC
  return ((int*)(&Q_WS_MAC))[argc];
#else
  (void)argc;
  return 0;
#endif
}

